<?xml version="1.0" encoding="UTF-8"?>
<!-- Generated by org.testng.reporters.JUnitReportReporter -->
<testsuite skipped="0" hostname="Hp-Komputer" name="com.crm2.qa.testcases.ProductPageTest" tests="5" failures="0" timestamp="28 lis 2018 16:57:06 GMT" time="123.315" errors="0">
  <testcase name="newProductBtnTest" time="18.775" classname="com.crm2.qa.testcases.ProductPageTest"/>
  <testcase name="productsLabelTest" time="21.435" classname="com.crm2.qa.testcases.ProductPageTest"/>
  <testcase name="selectProductNameTest" time="18.998" classname="com.crm2.qa.testcases.ProductPageTest"/>
  <testcase name="validateCreateNewProductTest" time="31.967" classname="com.crm2.qa.testcases.ProductPageTest"/>
  <testcase name="validateCreateNewProductTest" time="32.140" classname="com.crm2.qa.testcases.ProductPageTest"/>
</testsuite> <!-- com.crm2.qa.testcases.ProductPageTest -->
