<?xml version="1.0" encoding="UTF-8"?>
<!-- Generated by org.testng.reporters.JUnitReportReporter -->
<testsuite skipped="0" hostname="Hp-Komputer" name="com.crm2.qa.testcases.LoginPageTest" tests="4" failures="0" timestamp="28 lis 2018 16:57:06 GMT" time="46.270" errors="0">
  <testcase name="crmLogoTest" time="7.156" classname="com.crm2.qa.testcases.LoginPageTest"/>
  <testcase name="loginPageTitleTest" time="6.650" classname="com.crm2.qa.testcases.LoginPageTest"/>
  <testcase name="loginTest" time="16.803" classname="com.crm2.qa.testcases.LoginPageTest"/>
  <testcase name="signUpLnk" time="15.661" classname="com.crm2.qa.testcases.LoginPageTest"/>
</testsuite> <!-- com.crm2.qa.testcases.LoginPageTest -->
