<?xml version="1.0" encoding="UTF-8"?>
<!-- Generated by org.testng.reporters.JUnitReportReporter -->
<testsuite skipped="0" hostname="Hp-Komputer" name="com.crm2.qa.testcases.HomePageTest" tests="4" failures="0" timestamp="28 lis 2018 16:57:06 GMT" time="78.492" errors="0">
  <testcase name="verifyUserNameTest" time="19.932" classname="com.crm2.qa.testcases.HomePageTest"/>
  <testcase name="verifyContactsLinkTest" time="20.607" classname="com.crm2.qa.testcases.HomePageTest"/>
  <testcase name="verifyDealsLinkTest" time="18.376" classname="com.crm2.qa.testcases.HomePageTest"/>
  <testcase name="homePageTitleTest" time="19.577" classname="com.crm2.qa.testcases.HomePageTest"/>
</testsuite> <!-- com.crm2.qa.testcases.HomePageTest -->
