<?xml version="1.0" encoding="UTF-8"?>
<!-- Generated by org.testng.reporters.JUnitReportReporter -->
<testsuite skipped="0" hostname="Hp-Komputer" name="com.crm2.qa.testcases.ProductPageTest" tests="5" failures="0" timestamp="28 lis 2018 21:01:42 GMT" time="121.509" errors="0">
  <testcase name="selectProductNameTest" time="21.298" classname="com.crm2.qa.testcases.ProductPageTest"/>
  <testcase name="productsLabelTest" time="19.190" classname="com.crm2.qa.testcases.ProductPageTest"/>
  <testcase name="newProductBtnTest" time="17.890" classname="com.crm2.qa.testcases.ProductPageTest"/>
  <testcase name="validateCreateNewProductTest" time="31.773" classname="com.crm2.qa.testcases.ProductPageTest"/>
  <testcase name="validateCreateNewProductTest" time="31.358" classname="com.crm2.qa.testcases.ProductPageTest"/>
</testsuite> <!-- com.crm2.qa.testcases.ProductPageTest -->
