<?xml version="1.0" encoding="UTF-8"?>
<!-- Generated by org.testng.reporters.JUnitReportReporter -->
<testsuite skipped="0" hostname="Hp-Komputer" name="com.crm2.qa.testcases.HomePageTest" tests="4" failures="0" timestamp="28 lis 2018 21:01:42 GMT" time="72.397" errors="0">
  <testcase name="verifyDealsLinkTest" time="20.169" classname="com.crm2.qa.testcases.HomePageTest"/>
  <testcase name="verifyUserNameTest" time="17.164" classname="com.crm2.qa.testcases.HomePageTest"/>
  <testcase name="verifyContactsLinkTest" time="18.623" classname="com.crm2.qa.testcases.HomePageTest"/>
  <testcase name="homePageTitleTest" time="16.441" classname="com.crm2.qa.testcases.HomePageTest"/>
</testsuite> <!-- com.crm2.qa.testcases.HomePageTest -->
