<?xml version="1.0" encoding="UTF-8"?>
<!-- Generated by org.testng.reporters.JUnitReportReporter -->
<testsuite skipped="0" hostname="Hp-Komputer" name="com.crm2.qa.testcases.LoginPageTest" tests="4" failures="0" timestamp="28 lis 2018 21:01:42 GMT" time="46.433" errors="0">
  <testcase name="signUpLnk" time="15.016" classname="com.crm2.qa.testcases.LoginPageTest"/>
  <testcase name="crmLogoTest" time="6.873" classname="com.crm2.qa.testcases.LoginPageTest"/>
  <testcase name="loginTest" time="17.535" classname="com.crm2.qa.testcases.LoginPageTest"/>
  <testcase name="loginPageTitleTest" time="7.009" classname="com.crm2.qa.testcases.LoginPageTest"/>
</testsuite> <!-- com.crm2.qa.testcases.LoginPageTest -->
